-> GET /sso/Login?forwardTo=22&RL=1&ip2loc=US
<- 200 GET /sso/Login?forwardTo=22&RL=1&ip2loc=US
-> GET /sso/Login?forwardTo=22&RL=1&ip2loc=US
<- 200 GET /sso/Login?forwardTo=22&RL=1&ip2loc=US
-> GET /css/bootstrap-5.2.2/bootstrap.min.css
<- 200 GET /css/bootstrap-5.2.2/bootstrap.min.css
-> GET /css/reg-am/login.min.css
-> GET /css/ibkr/theme-ibkr-portal.min.css
-> GET /css/fontawesome-6.2.0/all.min.css
-> GET /css/bootstrap-switch-3.3.2/bootstrap-switch.min.css
-> GET /scripts/common/js/jquery-3.7.0/jquery.min.js
<- 200 GET /css/reg-am/login.min.css
-> GET /scripts/common/js/bootstrap-5.2.2/bootstrap.bundle.min.js
<- 200 GET /css/ibkr/theme-ibkr-portal.min.css
-> GET /sso/lib/xyz.bundle.min.js
<- 200 GET /scripts/common/js/jquery-3.7.0/jquery.min.js
<- 200 GET /css/fontawesome-6.2.0/all.min.css
<- 200 GET /scripts/common/js/bootstrap-5.2.2/bootstrap.bundle.min.js
<- 200 GET /sso/lib/xyz.bundle.min.js
<- 200 GET /css/bootstrap-switch-3.3.2/bootstrap-switch.min.css
-> GET /images/common/logos/ibkr/interactive-brokers.svg
-> GET /fonts/proxima-nova/Proxima-Nova-Regular.woff2
-> GET /fonts/fontawesome-6.2.0/webfonts/fa-brands-400.woff2
-> GET /fonts/fontawesome-6.4.2/webfonts/fa-solid-900.woff2
-> GET /fonts/proxima-nova/Proxima-Nova-Semibold.woff2
-> POST /portal.proxy/v1/gstat/bulletins
<- 200 GET /fonts/fontawesome-6.2.0/webfonts/fa-brands-400.woff2
<- 200 GET /fonts/fontawesome-6.4.2/webfonts/fa-solid-900.woff2
-> GET /sso/images/2fa-animated-once.gif
<- 200 GET /fonts/proxima-nova/Proxima-Nova-Semibold.woff2
<- 200 GET /images/common/logos/ibkr/interactive-brokers.svg
<- 200 GET /fonts/proxima-nova/Proxima-Nova-Regular.woff2
<- 204 POST /portal.proxy/v1/gstat/bulletins
<- 200 GET /sso/images/2fa-animated-once.gif
-> GET /images/web/favicons/home-screen-icon-128x128.png
<- 200 GET /images/web/favicons/home-screen-icon-128x128.png
-> POST /sso/Authenticator
<- 200 POST /sso/Authenticator
-> POST /sso/Authenticator
<- 200 POST /sso/Authenticator
-> POST /sso/Authenticator
<- 200 POST /sso/Authenticator
-> GET /fonts/proxima-nova/proximanova-extrabold.woff2
<- 200 GET /fonts/proxima-nova/proximanova-extrabold.woff2
-> POST /sso/Authenticator
<- 200 POST /sso/Authenticator
-> POST /sso/Authenticator
<- 200 POST /sso/Authenticator
-> POST /sso/Authenticator
<- 200 POST /sso/Authenticator
-> POST /sso/Authenticator
<- 200 POST /sso/Authenticator
-> POST /sso/Authenticator
<- 200 POST /sso/Authenticator
-> POST /sso/Authenticator
<- 200 POST /sso/Authenticator
-> POST /sso/Authenticator
<- 200 POST /sso/Authenticator
-> POST /sso/Authenticator
<- 200 POST /sso/Authenticator
-> POST /sso/Authenticator
<- 200 POST /sso/Authenticator
-> POST /sso/Authenticator
<- 200 POST /sso/Authenticator
-> POST /sso/Dispatcher
<- 302 POST /sso/Dispatcher
-> request: /v1/api/sso/validate?gw=1
-> GET /v1/api/sso/validate?gw=1,200|421ms
-> request: /v1/api/one/user
-> request: /v1/api/ssodh/init
-> sso GET https://api.ibkr.com/v1/api/ssodh/init
-> GET /v1/api/one/user,200|608ms
-> request: /v1/api/ssodh/st
-> sso GET https://api.ibkr.com/v1/api/ssodh/st
-> request: /sso/Authenticator?ACTION=PUBLISH_TST&RESP_TYPE=JSON&DEVICE_ID=38baf0f5|00-15-5D-C3-E9-AA
-> sso GET https://api.ibkr.com/sso/Authenticator?ACTION=PUBLISH_TST&RESP_TYPE=JSON&DEVICE_ID=38baf0f5|00-15-5D-C3-E9-AA
<- 200 GET https://api.ibkr.com/sso/Authenticator?ACTION=PUBLISH_TST&RESP_TYPE=JSON&DEVICE_ID=38baf0f5|00-15-5D-C3-E9-AA 0
-> request: /v1/api/iserver/auth/status
-> GET /v1/api/iserver/auth/status,200|151ms
-> request: /v1/api/iserver/auth/ssodh/init
-> POST https://api.ibkr.com/v1/api/iserver/auth/ssodh/init,200|2541ms
-> request: /v1/api/iserver/accounts
-> GET /v1/api/iserver/accounts,200|297ms
-> GET /v1/api/portfolio/accounts
<- 200 GET /v1/api/portfolio/accounts
-> GET /v1/api/portfolio/U18665565/positions/0
<- 200 GET /v1/api/portfolio/U18665565/positions/0
-> request: /v1/api/tickle
-> GET /v1/api/tickle,200|599ms
-> GET /v1/api/iserver/accounts
<- 200 GET /v1/api/iserver/accounts
-> GET /v1/api/portfolio/All/positions
<- 400 GET /v1/api/portfolio/All/positions
-> GET /v1/api/portfolio/All/summary
<- 400 GET /v1/api/portfolio/All/summary
-> request: /v1/api/tickle
-> GET /v1/api/tickle,200|184ms
-> GET /sso/Login?forwardTo=22&RL=1&ip2loc=US
<- 200 GET /sso/Login?forwardTo=22&RL=1&ip2loc=US
-> GET /css/bootstrap-5.2.2/bootstrap.min.css
-> GET /css/fontawesome-6.2.0/all.min.css
-> GET /css/bootstrap-switch-3.3.2/bootstrap-switch.min.css
-> GET /css/reg-am/login.min.css
<- 200 GET /css/bootstrap-switch-3.3.2/bootstrap-switch.min.css
-> GET /css/ibkr/theme-ibkr-portal.min.css
<- 200 GET /css/fontawesome-6.2.0/all.min.css
-> GET /sso/lib/xyz.bundle.min.js
<- 200 GET /css/ibkr/theme-ibkr-portal.min.css
-> GET /scripts/common/js/jquery-3.7.0/jquery.min.js
<- 200 GET /sso/lib/xyz.bundle.min.js
<- 200 GET /css/bootstrap-5.2.2/bootstrap.min.css
-> GET /scripts/common/js/bootstrap-5.2.2/bootstrap.bundle.min.js
<- 200 GET /css/reg-am/login.min.css
<- 200 GET /scripts/common/js/jquery-3.7.0/jquery.min.js
<- 200 GET /scripts/common/js/bootstrap-5.2.2/bootstrap.bundle.min.js
-> GET /images/common/logos/ibkr/interactive-brokers.svg
-> GET /fonts/proxima-nova/Proxima-Nova-Regular.woff2
-> GET /fonts/fontawesome-6.4.2/webfonts/fa-solid-900.woff2
-> POST /portal.proxy/v1/gstat/bulletins
<- 200 GET /images/common/logos/ibkr/interactive-brokers.svg
<- 200 GET /fonts/proxima-nova/Proxima-Nova-Regular.woff2
<- 204 POST /portal.proxy/v1/gstat/bulletins
-> GET /fonts/fontawesome-6.2.0/webfonts/fa-brands-400.woff2
<- 200 GET /fonts/fontawesome-6.4.2/webfonts/fa-solid-900.woff2
-> GET /sso/images/2fa-animated-once.gif
-> GET /fonts/proxima-nova/Proxima-Nova-Semibold.woff2
<- 200 GET /fonts/fontawesome-6.2.0/webfonts/fa-brands-400.woff2
<- 200 GET /sso/images/2fa-animated-once.gif
<- 200 GET /fonts/proxima-nova/Proxima-Nova-Semibold.woff2
-> request: /v1/api/tickle
-> GET /v1/api/tickle,200|578ms
-> GET /v1/api/iserver/accounts
<- 200 GET /v1/api/iserver/accounts
-> GET /v1/api/portfolio/All/positions
<- 400 GET /v1/api/portfolio/All/positions
-> GET /v1/api/portfolio/All/summary
<- 400 GET /v1/api/portfolio/All/summary
-> request: /v1/api/tickle
-> GET /v1/api/tickle,200|276ms
-> request: /v1/api/tickle
-> GET /v1/api/tickle,200|155ms
-> GET /v1/api/iserver/accounts
<- 200 GET /v1/api/iserver/accounts
-> GET /v1/api/portfolio/U16389729/positions
<- 200 GET /v1/api/portfolio/U16389729/positions
-> GET /v1/api/portfolio/U16389729/summary
<- 200 GET /v1/api/portfolio/U16389729/summary
-> request: /v1/api/tickle
-> GET /v1/api/tickle,200|153ms
-> request: /v1/api/tickle
-> GET /v1/api/tickle,200|317ms
-> request: /v1/api/tickle
-> GET /v1/api/tickle,200|159ms
-> request: /v1/api/tickle
-> GET /v1/api/tickle,200|607ms
-> request: /sso/ping
-> GET /sso/ping,200|986ms
-> request: /v1/api/tickle
-> GET /v1/api/tickle,200|705ms
-> request: /v1/api/tickle
-> GET /v1/api/tickle,200|693ms
-> request: /v1/api/tickle
-> GET /v1/api/tickle,200|281ms
-> request: /v1/api/tickle
-> GET /v1/api/tickle,200|157ms
-> request: /v1/api/tickle
-> GET /v1/api/tickle,200|444ms
-> request: /v1/api/tickle
-> GET /v1/api/tickle,200|383ms
-> GET /v1/api/iserver/accounts
<- 200 GET /v1/api/iserver/accounts
-> request: /v1/api/tickle
-> GET /v1/api/tickle,200|174ms
-> GET /v1/api/portfolio/U16389729/positions
<- 200 GET /v1/api/portfolio/U16389729/positions
-> GET /v1/api/portfolio/U16389729/summary
<- 200 GET /v1/api/portfolio/U16389729/summary
-> GET /v1/api/portfolio/U16630811/positions
<- 200 GET /v1/api/portfolio/U16630811/positions
-> GET /v1/api/portfolio/U16630811/summary
<- 200 GET /v1/api/portfolio/U16630811/summary
-> GET /v1/api/portfolio/U18665565/positions
<- 200 GET /v1/api/portfolio/U18665565/positions
-> GET /v1/api/portfolio/U18665565/summary
<- 200 GET /v1/api/portfolio/U18665565/summary
-> request: /v1/api/tickle
-> GET /v1/api/tickle,200|163ms
-> request: /v1/api/tickle
-> GET /v1/api/tickle,200|265ms
-> request: /v1/api/tickle
-> GET /v1/api/tickle,200|163ms
-> request: /sso/ping
-> GET /sso/ping,200|545ms
-> request: /v1/api/tickle
-> GET /v1/api/tickle,200|522ms
-> GET /v1/api/portfolio/accounts
<- 200 GET /v1/api/portfolio/accounts
-> GET /v1/api/portfolio/U18665565/positions/0
<- 200 GET /v1/api/portfolio/U18665565/positions/0
-> request: /v1/api/tickle
-> GET /v1/api/tickle,200|262ms
-> request: /v1/api/tickle
-> GET /v1/api/tickle,200|152ms
-> GET /v1/api/iserver/accounts
<- 200 GET /v1/api/iserver/accounts
-> GET /v1/api/portfolio/U16389729/summary
<- 200 GET /v1/api/portfolio/U16389729/summary
-> GET /v1/api/portfolio/U16389729/positions
<- 200 GET /v1/api/portfolio/U16389729/positions
-> GET /v1/api/portfolio/U16630811/summary
<- 200 GET /v1/api/portfolio/U16630811/summary
-> GET /v1/api/portfolio/U16630811/positions
<- 200 GET /v1/api/portfolio/U16630811/positions
-> GET /v1/api/portfolio/U18665565/summary
<- 200 GET /v1/api/portfolio/U18665565/summary
-> request: /v1/api/tickle
-> GET /v1/api/tickle,200|156ms
-> GET /v1/api/portfolio/U18665565/positions
<- 200 GET /v1/api/portfolio/U18665565/positions
-> request: /v1/api/tickle
-> GET /v1/api/tickle,200|260ms
-> request: /v1/api/tickle
-> GET /v1/api/tickle,200|164ms
-> request: /v1/api/tickle
-> GET /v1/api/tickle,200|155ms
-> request: /v1/api/tickle
-> GET /v1/api/tickle,200|531ms
-> request: /v1/api/tickle
-> GET /v1/api/tickle,200|152ms
-> request: /v1/api/tickle
-> GET /v1/api/tickle,200|151ms
-> request: /sso/ping
-> GET /sso/ping,200|614ms
-> request: /v1/api/tickle
-> GET /v1/api/tickle,200|155ms
-> GET /v1/api/portfolio/accounts
<- 200 GET /v1/api/portfolio/accounts
-> GET /v1/api/portfolio/U18665565/positions/0
<- 200 GET /v1/api/portfolio/U18665565/positions/0
-> request: /v1/api/tickle
-> GET /v1/api/tickle,200|147ms
-> request: /v1/api/tickle
-> GET /v1/api/tickle,200|137ms
-> request: /v1/api/tickle
-> GET /v1/api/tickle,200|159ms
-> request: /v1/api/tickle
-> GET /v1/api/tickle,200|159ms
-> GET /v1/api/iserver/accounts
<- 200 GET /v1/api/iserver/accounts
-> GET /v1/api/portfolio/U16389729/positions
<- 200 GET /v1/api/portfolio/U16389729/positions
-> GET /v1/api/portfolio/U16630811/positions
-> request: /v1/api/tickle
-> GET /v1/api/tickle,200|150ms
<- 200 GET /v1/api/portfolio/U16630811/positions
-> GET /v1/api/portfolio/U18665565/positions
<- 200 GET /v1/api/portfolio/U18665565/positions
-> POST /v1/api/md/snapshot
<- 200 POST /v1/api/md/snapshot
-> POST /v1/api/md/snapshot
<- 200 POST /v1/api/md/snapshot
-> request: /v1/api/tickle
-> GET /v1/api/tickle,200|485ms
-> POST /v1/api/md/snapshot
<- 200 POST /v1/api/md/snapshot
-> POST /v1/api/md/snapshot
<- 200 POST /v1/api/md/snapshot
-> request: /v1/api/tickle
-> GET /v1/api/tickle,200|154ms
-> POST /v1/api/md/snapshot
<- 200 POST /v1/api/md/snapshot
-> GET /v1/api/iserver/accounts
<- 200 GET /v1/api/iserver/accounts
-> GET /v1/api/portfolio/U16389729/positions
<- 200 GET /v1/api/portfolio/U16389729/positions
-> GET /v1/api/portfolio/U16630811/positions
<- 200 GET /v1/api/portfolio/U16630811/positions
-> POST /v1/api/md/snapshot
<- 200 POST /v1/api/md/snapshot
-> GET /v1/api/portfolio/U18665565/positions
<- 200 GET /v1/api/portfolio/U18665565/positions
-> POST /v1/api/md/snapshot
<- 200 POST /v1/api/md/snapshot
-> request: /v1/api/tickle
-> GET /v1/api/tickle,200|142ms
-> POST /v1/api/md/snapshot
<- 200 POST /v1/api/md/snapshot
-> POST /v1/api/md/snapshot
<- 200 POST /v1/api/md/snapshot
-> request: /v1/api/tickle
-> GET /v1/api/tickle,200|146ms
-> POST /v1/api/md/snapshot
<- 200 POST /v1/api/md/snapshot
-> request: /sso/ping
-> GET /sso/ping,200|555ms
-> POST /v1/api/md/snapshot
<- 200 POST /v1/api/md/snapshot
-> request: /v1/api/tickle
-> GET /v1/api/tickle,200|149ms
-> POST /v1/api/md/snapshot
<- 200 POST /v1/api/md/snapshot
-> POST /v1/api/md/snapshot
<- 200 POST /v1/api/md/snapshot
-> request: /v1/api/tickle
-> GET /v1/api/tickle,200|379ms
-> POST /v1/api/md/snapshot
<- 200 POST /v1/api/md/snapshot
-> POST /v1/api/md/snapshot
<- 200 POST /v1/api/md/snapshot
-> request: /v1/api/tickle
-> GET /v1/api/tickle,200|157ms
-> POST /v1/api/md/snapshot
<- 200 POST /v1/api/md/snapshot
-> POST /v1/api/md/snapshot
<- 200 POST /v1/api/md/snapshot
-> request: /v1/api/tickle
-> GET /v1/api/tickle,200|179ms
-> POST /v1/api/md/snapshot
<- 200 POST /v1/api/md/snapshot
-> GET /v1/api/iserver/accounts
<- 200 GET /v1/api/iserver/accounts
-> GET /v1/api/portfolio/U16389729/positions
<- 200 GET /v1/api/portfolio/U16389729/positions
-> request: /v1/api/tickle
-> GET /v1/api/tickle,200|146ms
-> GET /v1/api/portfolio/U16630811/positions
<- 200 GET /v1/api/portfolio/U16630811/positions
-> GET /v1/api/portfolio/U18665565/positions
<- 200 GET /v1/api/portfolio/U18665565/positions
-> POST /v1/api/md/snapshot
<- 200 POST /v1/api/md/snapshot
-> POST /v1/api/md/snapshot
<- 200 POST /v1/api/md/snapshot
-> request: /v1/api/tickle
-> GET /v1/api/tickle,200|153ms
-> POST /v1/api/md/snapshot
<- 200 POST /v1/api/md/snapshot
-> POST /v1/api/md/snapshot
<- 200 POST /v1/api/md/snapshot
-> request: /v1/api/tickle
-> GET /v1/api/tickle,200|650ms
-> POST /v1/api/md/snapshot
<- 200 POST /v1/api/md/snapshot
-> POST /v1/api/md/snapshot
<- 200 POST /v1/api/md/snapshot
-> request: /v1/api/tickle
-> GET /v1/api/tickle,200|388ms
-> POST /v1/api/md/snapshot
<- 200 POST /v1/api/md/snapshot
-> POST /v1/api/md/snapshot
<- 200 POST /v1/api/md/snapshot
-> request: /v1/api/tickle
-> GET /v1/api/tickle,200|163ms
-> POST /v1/api/md/snapshot
<- 200 POST /v1/api/md/snapshot
-> POST /v1/api/md/snapshot
<- 200 POST /v1/api/md/snapshot
-> request: /v1/api/tickle
-> GET /v1/api/tickle,200|150ms
-> request: /sso/ping
-> GET /sso/ping,200|348ms
-> GET /v1/api/iserver/accounts
<- 200 GET /v1/api/iserver/accounts
-> GET /v1/api/portfolio/U16389729/positions
<- 200 GET /v1/api/portfolio/U16389729/positions
-> GET /v1/api/portfolio/U16630811/positions
<- 200 GET /v1/api/portfolio/U16630811/positions
-> request: /v1/api/tickle
-> GET /v1/api/tickle,200|193ms
-> GET /v1/api/portfolio/U18665565/positions
<- 200 GET /v1/api/portfolio/U18665565/positions
-> POST /v1/api/md/snapshot
<- 200 POST /v1/api/md/snapshot
-> POST /v1/api/md/snapshot
<- 200 POST /v1/api/md/snapshot
-> request: /v1/api/tickle
-> GET /v1/api/tickle,200|155ms
-> POST /v1/api/md/snapshot
<- 200 POST /v1/api/md/snapshot
-> POST /v1/api/md/snapshot
<- 200 POST /v1/api/md/snapshot
-> request: /v1/api/tickle
-> GET /v1/api/tickle,200|168ms
-> POST /v1/api/md/snapshot
<- 200 POST /v1/api/md/snapshot
-> POST /v1/api/md/snapshot
<- 200 POST /v1/api/md/snapshot
-> request: /v1/api/tickle
-> GET /v1/api/tickle,200|155ms
-> POST /v1/api/md/snapshot
<- 200 POST /v1/api/md/snapshot
-> request: /v1/api/tickle
-> GET /v1/api/tickle,200|151ms
-> GET /sso/Login?forwardTo=22&RL=1&ip2loc=US
<- 200 GET /sso/Login?forwardTo=22&RL=1&ip2loc=US
-> GET /css/bootstrap-5.2.2/bootstrap.min.css
-> GET /css/fontawesome-6.2.0/all.min.css
<- 200 GET /css/bootstrap-5.2.2/bootstrap.min.css
<- 200 GET /css/fontawesome-6.2.0/all.min.css
-> GET /css/ibkr/theme-ibkr-portal.min.css
-> GET /css/reg-am/login.min.css
-> GET /css/bootstrap-switch-3.3.2/bootstrap-switch.min.css
-> GET /scripts/common/js/jquery-3.7.0/jquery.min.js
<- 200 GET /css/ibkr/theme-ibkr-portal.min.css
-> GET /scripts/common/js/bootstrap-5.2.2/bootstrap.bundle.min.js
-> GET /sso/lib/xyz.bundle.min.js
<- 200 GET /css/reg-am/login.min.css
<- 200 GET /scripts/common/js/jquery-3.7.0/jquery.min.js
<- 200 GET /scripts/common/js/bootstrap-5.2.2/bootstrap.bundle.min.js
<- 200 GET /sso/lib/xyz.bundle.min.js
<- 200 GET /css/bootstrap-switch-3.3.2/bootstrap-switch.min.css
-> GET /images/common/logos/ibkr/interactive-brokers.svg
-> GET /fonts/proxima-nova/Proxima-Nova-Regular.woff2
-> GET /fonts/fontawesome-6.4.2/webfonts/fa-solid-900.woff2
-> GET /fonts/fontawesome-6.2.0/webfonts/fa-brands-400.woff2
-> GET /fonts/proxima-nova/Proxima-Nova-Semibold.woff2
-> POST /portal.proxy/v1/gstat/bulletins
<- 200 GET /fonts/proxima-nova/Proxima-Nova-Semibold.woff2
-> GET /sso/images/2fa-animated-once.gif
<- 200 GET /fonts/fontawesome-6.4.2/webfonts/fa-solid-900.woff2
<- 200 GET /images/common/logos/ibkr/interactive-brokers.svg
<- 200 GET /fonts/proxima-nova/Proxima-Nova-Regular.woff2
<- 200 GET /fonts/fontawesome-6.2.0/webfonts/fa-brands-400.woff2
<- 204 POST /portal.proxy/v1/gstat/bulletins
<- 200 GET /sso/images/2fa-animated-once.gif
-> GET /v1/api/tickle
<- 401 GET /v1/api/tickle
-> POST /sso/Authenticator
<- 200 POST /sso/Authenticator
-> POST /sso/Authenticator
<- 200 POST /sso/Authenticator
-> POST /sso/Authenticator
<- 200 POST /sso/Authenticator
-> GET /fonts/proxima-nova/proximanova-extrabold.woff2
<- 200 GET /fonts/proxima-nova/proximanova-extrabold.woff2
-> POST /sso/Authenticator
<- 200 POST /sso/Authenticator
-> POST /sso/Authenticator
<- 200 POST /sso/Authenticator
-> POST /sso/Authenticator
<- 200 POST /sso/Authenticator
-> POST /sso/Authenticator
<- 200 POST /sso/Authenticator
-> POST /sso/Authenticator
<- 200 POST /sso/Authenticator
-> POST /sso/Authenticator
<- 200 POST /sso/Authenticator
-> POST /sso/Dispatcher
<- 302 POST /sso/Dispatcher
-> request: /v1/api/sso/validate?gw=1
-> GET /v1/api/sso/validate?gw=1,200|1094ms
-> request: /v1/api/one/user
-> request: /v1/api/ssodh/init
-> sso GET https://api.ibkr.com/v1/api/ssodh/init
-> GET /v1/api/one/user,200|597ms
-> request: /v1/api/ssodh/st
-> sso GET https://api.ibkr.com/v1/api/ssodh/st
-> request: /sso/Authenticator?ACTION=PUBLISH_TST&RESP_TYPE=JSON&DEVICE_ID=310053fc|00-15-5D-C3-E9-AA
-> sso GET https://api.ibkr.com/sso/Authenticator?ACTION=PUBLISH_TST&RESP_TYPE=JSON&DEVICE_ID=310053fc|00-15-5D-C3-E9-AA
<- 200 GET https://api.ibkr.com/sso/Authenticator?ACTION=PUBLISH_TST&RESP_TYPE=JSON&DEVICE_ID=310053fc|00-15-5D-C3-E9-AA 0
-> request: /v1/api/iserver/auth/status
-> GET /v1/api/iserver/auth/status,200|222ms
-> request: /v1/api/iserver/auth/ssodh/init
-> POST https://api.ibkr.com/v1/api/iserver/auth/ssodh/init,200|2546ms
-> request: /v1/api/iserver/accounts
-> GET /v1/api/iserver/accounts,200|163ms
-> GET /v1/api/iserver/accounts
<- 200 GET /v1/api/iserver/accounts
-> GET /v1/api/portfolio/U16389729/positions
<- 200 GET /v1/api/portfolio/U16389729/positions
-> GET /v1/api/portfolio/U16630811/positions
<- 200 GET /v1/api/portfolio/U16630811/positions
-> GET /v1/api/portfolio/U18665565/positions
<- 200 GET /v1/api/portfolio/U18665565/positions
-> POST /v1/api/md/snapshot
<- 200 POST /v1/api/md/snapshot
-> request: /v1/api/tickle
-> GET /v1/api/tickle,200|156ms
-> POST /v1/api/md/snapshot
<- 200 POST /v1/api/md/snapshot
-> POST /v1/api/md/snapshot
<- 200 POST /v1/api/md/snapshot
-> request: /v1/api/tickle
-> GET /v1/api/tickle,200|188ms
-> POST /v1/api/md/snapshot
<- 200 POST /v1/api/md/snapshot
-> POST /v1/api/md/snapshot
<- 200 POST /v1/api/md/snapshot
-> request: /v1/api/tickle
-> GET /v1/api/tickle,200|718ms
-> POST /v1/api/md/snapshot
<- 200 POST /v1/api/md/snapshot
-> POST /v1/api/md/snapshot
<- 200 POST /v1/api/md/snapshot
-> request: /v1/api/tickle
-> GET /v1/api/tickle,200|165ms
-> POST /v1/api/md/snapshot
<- 200 POST /v1/api/md/snapshot
-> POST /v1/api/md/snapshot
<- 200 POST /v1/api/md/snapshot
-> request: /v1/api/tickle
-> GET /v1/api/tickle,200|140ms
-> POST /v1/api/md/snapshot
<- 200 POST /v1/api/md/snapshot
-> POST /v1/api/md/snapshot
<- 200 POST /v1/api/md/snapshot
-> request: /v1/api/tickle
-> GET /v1/api/tickle,200|267ms
-> POST /v1/api/md/snapshot
<- 200 POST /v1/api/md/snapshot
-> POST /v1/api/md/snapshot
<- 200 POST /v1/api/md/snapshot
-> request: /v1/api/tickle
-> GET /v1/api/tickle,200|170ms
-> POST /v1/api/md/snapshot
<- 200 POST /v1/api/md/snapshot
-> POST /v1/api/md/snapshot
<- 200 POST /v1/api/md/snapshot
-> request: /v1/api/tickle
-> GET /v1/api/tickle,200|255ms
-> POST /v1/api/md/snapshot
<- 200 POST /v1/api/md/snapshot
-> POST /v1/api/md/snapshot
<- 200 POST /v1/api/md/snapshot
-> request: /v1/api/tickle
-> GET /v1/api/tickle,200|151ms
-> POST /v1/api/md/snapshot
<- 200 POST /v1/api/md/snapshot
-> request: /sso/ping
-> POST /v1/api/md/snapshot
<- 200 POST /v1/api/md/snapshot
-> GET /sso/ping,200|601ms
-> request: /v1/api/tickle
-> GET /v1/api/tickle,200|145ms
-> POST /v1/api/md/snapshot
<- 200 POST /v1/api/md/snapshot
-> POST /v1/api/md/snapshot
<- 200 POST /v1/api/md/snapshot
-> request: /v1/api/tickle
-> GET /v1/api/tickle,200|141ms
-> POST /v1/api/md/snapshot
<- 200 POST /v1/api/md/snapshot
-> POST /v1/api/md/snapshot
<- 200 POST /v1/api/md/snapshot
-> request: /v1/api/tickle
-> GET /v1/api/tickle,200|153ms
-> POST /v1/api/md/snapshot
<- 200 POST /v1/api/md/snapshot
-> POST /v1/api/md/snapshot
<- 200 POST /v1/api/md/snapshot
-> request: /v1/api/tickle
-> GET /v1/api/tickle,200|150ms
-> POST /v1/api/md/snapshot
<- 200 POST /v1/api/md/snapshot
-> POST /v1/api/md/snapshot
<- 200 POST /v1/api/md/snapshot
-> request: /v1/api/tickle
-> GET /v1/api/tickle,200|283ms
-> POST /v1/api/md/snapshot
<- 200 POST /v1/api/md/snapshot
-> POST /v1/api/md/snapshot
<- 200 POST /v1/api/md/snapshot
-> request: /v1/api/tickle
-> GET /v1/api/tickle,200|144ms
-> request: /v1/api/tickle
-> GET /v1/api/tickle,200|151ms
-> POST /v1/api/md/snapshot
<- 200 POST /v1/api/md/snapshot
-> request: /v1/api/tickle
-> GET /v1/api/tickle,200|144ms
-> GET /v1/api/tickle
<- 200 GET /v1/api/tickle
-> GET /v1/api/iserver/accounts
<- 401 GET /v1/api/iserver/accounts
-> POST /v1/api/md/snapshot
<- 200 POST /v1/api/md/snapshot
-> request: /v1/api/tickle
-> GET /v1/api/tickle,200|152ms
-> request: /v1/api/logout
-> GET /v1/api/logout,200|306ms
-> request: /v1/api/tickle
-> GET /v1/api/tickle,200|159ms
-> GET /v1/api/iserver/accounts
<- 400 GET /v1/api/iserver/accounts
-> request: /sso/ping
-> GET /sso/ping,200|601ms
-> request: /v1/api/tickle
-> GET /v1/api/tickle,200|153ms
-> request: /v1/api/tickle
-> GET /v1/api/tickle,200|140ms
-> request: /v1/api/tickle
-> GET /v1/api/tickle,200|173ms
-> GET /v1/api/tickle
<- 200 GET /v1/api/tickle
-> GET /v1/api/iserver/accounts
<- 400 GET /v1/api/iserver/accounts
-> request: /v1/api/tickle
-> GET /v1/api/tickle,200|1771ms
-> request: /v1/api/tickle
-> GET /v1/api/tickle,200|144ms
-> request: /v1/api/tickle
-> GET /v1/api/tickle,200|146ms
-> GET /sso/Login?forwardTo=22&RL=1&ip2loc=US
<- 200 GET /sso/Login?forwardTo=22&RL=1&ip2loc=US
-> GET /css/bootstrap-5.2.2/bootstrap.min.css
-> GET /css/fontawesome-6.2.0/all.min.css
<- 200 GET /css/bootstrap-5.2.2/bootstrap.min.css
<- 200 GET /css/fontawesome-6.2.0/all.min.css
-> GET /css/bootstrap-switch-3.3.2/bootstrap-switch.min.css
-> GET /css/reg-am/login.min.css
-> GET /css/ibkr/theme-ibkr-portal.min.css
-> GET /scripts/common/js/jquery-3.7.0/jquery.min.js
<- 200 GET /css/ibkr/theme-ibkr-portal.min.css
<- 200 GET /scripts/common/js/jquery-3.7.0/jquery.min.js
-> GET /scripts/common/js/bootstrap-5.2.2/bootstrap.bundle.min.js
-> GET /sso/lib/xyz.bundle.min.js
<- 200 GET /css/reg-am/login.min.css
<- 200 GET /css/bootstrap-switch-3.3.2/bootstrap-switch.min.css
<- 200 GET /scripts/common/js/bootstrap-5.2.2/bootstrap.bundle.min.js
<- 200 GET /sso/lib/xyz.bundle.min.js
-> GET /images/common/logos/ibkr/interactive-brokers.svg
-> GET /fonts/proxima-nova/Proxima-Nova-Regular.woff2
-> GET /fonts/fontawesome-6.4.2/webfonts/fa-solid-900.woff2
-> GET /fonts/fontawesome-6.2.0/webfonts/fa-brands-400.woff2
-> GET /fonts/proxima-nova/Proxima-Nova-Semibold.woff2
-> POST /portal.proxy/v1/gstat/bulletins
<- 200 GET /images/common/logos/ibkr/interactive-brokers.svg
-> GET /sso/images/2fa-animated-once.gif
<- 200 GET /fonts/proxima-nova/Proxima-Nova-Regular.woff2
<- 200 GET /fonts/fontawesome-6.2.0/webfonts/fa-brands-400.woff2
<- 200 GET /fonts/proxima-nova/Proxima-Nova-Semibold.woff2
<- 200 GET /fonts/fontawesome-6.4.2/webfonts/fa-solid-900.woff2
<- 204 POST /portal.proxy/v1/gstat/bulletins
<- 200 GET /sso/images/2fa-animated-once.gif
-> POST /sso/Authenticator
<- 200 POST /sso/Authenticator
-> POST /sso/Authenticator
<- 200 POST /sso/Authenticator
-> POST /sso/Authenticator
<- 200 POST /sso/Authenticator
-> GET /fonts/proxima-nova/proximanova-extrabold.woff2
<- 200 GET /fonts/proxima-nova/proximanova-extrabold.woff2
-> POST /sso/Authenticator
<- 200 POST /sso/Authenticator
-> POST /sso/Authenticator
<- 200 POST /sso/Authenticator
-> POST /sso/Authenticator
<- 200 POST /sso/Authenticator
-> POST /sso/Authenticator
<- 200 POST /sso/Authenticator
-> POST /sso/Dispatcher
<- 302 POST /sso/Dispatcher
-> request: /v1/api/sso/validate?gw=1
-> GET /v1/api/sso/validate?gw=1,200|408ms
-> request: /v1/api/sso/validate?gw=1
-> request: /v1/api/sso/validate?gw=1
-> GET /v1/api/sso/validate?gw=1,200|149ms
-> request: /v1/api/one/user
-> request: /v1/api/ssodh/init
-> sso GET https://api.ibkr.com/v1/api/ssodh/init
-> GET /v1/api/sso/validate?gw=1,200|260ms
-> request: /v1/api/one/user
-> request: /v1/api/ssodh/init
-> sso GET https://api.ibkr.com/v1/api/ssodh/init
-> GET /v1/api/one/user,200|154ms
-> GET /v1/api/one/user,200|288ms
-> request: /v1/api/ssodh/st
-> sso GET https://api.ibkr.com/v1/api/ssodh/st
-> request: /v1/api/ssodh/st
-> sso GET https://api.ibkr.com/v1/api/ssodh/st
-> request: /sso/Authenticator?ACTION=PUBLISH_TST&RESP_TYPE=JSON&DEVICE_ID=2ffcded8|00-15-5D-C3-E9-AA
-> sso GET https://api.ibkr.com/sso/Authenticator?ACTION=PUBLISH_TST&RESP_TYPE=JSON&DEVICE_ID=2ffcded8|00-15-5D-C3-E9-AA
<- 200 GET https://api.ibkr.com/sso/Authenticator?ACTION=PUBLISH_TST&RESP_TYPE=JSON&DEVICE_ID=2ffcded8|00-15-5D-C3-E9-AA 0
-> request: /v1/api/iserver/auth/status
-> request: /v1/api/iserver/auth/status
-> GET /v1/api/iserver/auth/status,200|171ms
-> request: /v1/api/iserver/auth/ssodh/init
-> GET /v1/api/iserver/auth/status,200|262ms
-> POST https://api.ibkr.com/v1/api/iserver/auth/ssodh/init,200|3535ms
-> request: /v1/api/iserver/accounts
-> GET /v1/api/iserver/accounts
-> GET /v1/api/iserver/accounts,200|1662ms
<- 200 GET /v1/api/iserver/accounts
-> GET /v1/api/portfolio/accounts
<- 200 GET /v1/api/portfolio/accounts
-> GET /v1/api/portfolio/U18665565/positions/0
<- 200 GET /v1/api/portfolio/U18665565/positions/0
-> request: /v1/api/tickle
-> GET /v1/api/tickle,200|213ms
-> GET /v1/api/portfolio/accounts
<- 200 GET /v1/api/portfolio/accounts
-> GET /v1/api/portfolio/U18665565/positions/0
<- 200 GET /v1/api/portfolio/U18665565/positions/0
-> request: /v1/api/tickle
-> GET /v1/api/tickle,200|630ms
-> request: /v1/api/tickle
-> GET /v1/api/tickle,200|169ms
-> GET /v1/api/iserver/auth/status
<- 200 GET /v1/api/iserver/auth/status
-> GET /v1/api/iserver/auth/status
<- 200 GET /v1/api/iserver/auth/status
-> GET /v1/api/portfolio/accounts
<- 200 GET /v1/api/portfolio/accounts
-> GET /v1/api/portfolio/U16389729/positions
<- 200 GET /v1/api/portfolio/U16389729/positions
-> GET /v1/api/portfolio/U16630811/positions
<- 200 GET /v1/api/portfolio/U16630811/positions
-> GET /v1/api/portfolio/U18665565/positions
<- 200 GET /v1/api/portfolio/U18665565/positions
-> POST /v1/api/md/snapshot
<- 200 POST /v1/api/md/snapshot
-> request: /v1/api/tickle
-> GET /v1/api/tickle,200|160ms
-> POST /v1/api/md/snapshot
<- 200 POST /v1/api/md/snapshot
-> POST /v1/api/md/snapshot
<- 200 POST /v1/api/md/snapshot
-> request: /v1/api/tickle
-> GET /v1/api/tickle,200|147ms
-> POST /v1/api/md/snapshot
<- 200 POST /v1/api/md/snapshot
-> POST /v1/api/md/snapshot
<- 200 POST /v1/api/md/snapshot
-> request: /v1/api/tickle
-> GET /v1/api/tickle,200|158ms
-> GET /v1/api/portfolio/accounts
-> POST /v1/api/md/snapshot
<- 200 POST /v1/api/md/snapshot
<- 200 GET /v1/api/portfolio/accounts
-> GET /v1/api/portfolio/U18665565/positions/0
<- 200 GET /v1/api/portfolio/U18665565/positions/0
-> request: /v1/api/tickle
-> GET /v1/api/tickle,200|175ms
-> GET /v1/api/portfolio/accounts
<- 200 GET /v1/api/portfolio/accounts
-> GET /v1/api/portfolio/U16389729/positions
<- 200 GET /v1/api/portfolio/U16389729/positions
-> GET /v1/api/portfolio/U16630811/positions
<- 200 GET /v1/api/portfolio/U16630811/positions
-> GET /v1/api/portfolio/U18665565/positions
<- 200 GET /v1/api/portfolio/U18665565/positions
-> POST /v1/api/md/snapshot
<- 200 POST /v1/api/md/snapshot
-> request: /v1/api/tickle
-> GET /v1/api/tickle,200|307ms
-> POST /v1/api/md/snapshot
<- 200 POST /v1/api/md/snapshot
-> POST /v1/api/md/snapshot
<- 200 POST /v1/api/md/snapshot
-> request: /v1/api/tickle
-> GET /v1/api/tickle,200|240ms
-> POST /v1/api/md/snapshot
<- 200 POST /v1/api/md/snapshot
-> request: /sso/ping
-> GET /sso/ping,200|562ms
-> POST /v1/api/md/snapshot
<- 200 POST /v1/api/md/snapshot
-> request: /v1/api/tickle
-> GET /v1/api/tickle,200|508ms
-> POST /v1/api/md/snapshot
<- 200 POST /v1/api/md/snapshot
-> POST /v1/api/md/snapshot
<- 200 POST /v1/api/md/snapshot
-> request: /v1/api/tickle
-> GET /v1/api/tickle,200|165ms
-> POST /v1/api/md/snapshot
<- 200 POST /v1/api/md/snapshot
-> POST /v1/api/md/snapshot
<- 200 POST /v1/api/md/snapshot
-> request: /v1/api/tickle
-> GET /v1/api/tickle,200|155ms
-> POST /v1/api/md/snapshot
<- 200 POST /v1/api/md/snapshot
-> POST /v1/api/md/snapshot
<- 200 POST /v1/api/md/snapshot
-> request: /v1/api/tickle
-> GET /v1/api/tickle,200|152ms
-> POST /v1/api/md/snapshot
<- 200 POST /v1/api/md/snapshot
-> POST /v1/api/md/snapshot
<- 200 POST /v1/api/md/snapshot
-> request: /v1/api/tickle
-> GET /v1/api/tickle,200|164ms
-> POST /v1/api/md/snapshot
<- 200 POST /v1/api/md/snapshot
-> POST /v1/api/md/snapshot
<- 200 POST /v1/api/md/snapshot
-> request: /v1/api/tickle
-> GET /v1/api/tickle,200|187ms
-> POST /v1/api/md/snapshot
<- 200 POST /v1/api/md/snapshot
-> POST /v1/api/md/snapshot
<- 200 POST /v1/api/md/snapshot
-> request: /v1/api/tickle
-> GET /v1/api/tickle,200|161ms
-> POST /v1/api/md/snapshot
<- 200 POST /v1/api/md/snapshot
-> POST /v1/api/md/snapshot
<- 200 POST /v1/api/md/snapshot
-> request: /v1/api/tickle
-> GET /v1/api/tickle,200|2789ms
-> POST /v1/api/md/snapshot
<- 200 POST /v1/api/md/snapshot
-> POST /v1/api/md/snapshot
<- 200 POST /v1/api/md/snapshot
-> request: /v1/api/tickle
-> GET /v1/api/tickle,200|168ms
